  game.cpp
C:\Users\kanal\source\repos\Roulette\Roulette\game.cpp(150,67): warning C4244: "argument": konwersja z "int" do "float", możliwa utrata danych
C:\Users\kanal\source\repos\Roulette\Roulette\game.cpp(150,46): warning C4244: "argument": konwersja z "int" do "float", możliwa utrata danych
C:\Users\kanal\source\repos\Roulette\Roulette\game.cpp(481,78): warning C4244: "argument": konwersja z "T" do "T", możliwa utrata danych
          with
          [
              T=int
          ]
          and
          [
              T=float
          ]
C:\Users\kanal\source\repos\Roulette\Roulette\game.cpp(481,66): warning C4244: "argument": konwersja z "T" do "T", możliwa utrata danych
          with
          [
              T=int
          ]
          and
          [
              T=float
          ]
C:\Users\kanal\source\repos\Roulette\Roulette\game.cpp(486,78): warning C4244: "argument": konwersja z "T" do "T", możliwa utrata danych
          with
          [
              T=int
          ]
          and
          [
              T=float
          ]
C:\Users\kanal\source\repos\Roulette\Roulette\game.cpp(486,66): warning C4244: "argument": konwersja z "T" do "T", możliwa utrata danych
          with
          [
              T=int
          ]
          and
          [
              T=float
          ]
C:\Users\kanal\source\repos\Roulette\Roulette\game.cpp(493,78): warning C4244: "argument": konwersja z "T" do "T", możliwa utrata danych
          with
          [
              T=int
          ]
          and
          [
              T=float
          ]
C:\Users\kanal\source\repos\Roulette\Roulette\game.cpp(493,66): warning C4244: "argument": konwersja z "T" do "T", możliwa utrata danych
          with
          [
              T=int
          ]
          and
          [
              T=float
          ]
C:\Users\kanal\source\repos\Roulette\Roulette\game.cpp(657,89): warning C4244: "argument": konwersja z "T" do "T", możliwa utrata danych
          with
          [
              T=int
          ]
          and
          [
              T=float
          ]
C:\Users\kanal\source\repos\Roulette\Roulette\game.cpp(657,77): warning C4244: "argument": konwersja z "T" do "T", możliwa utrata danych
          with
          [
              T=int
          ]
          and
          [
              T=float
          ]
C:\Users\kanal\source\repos\Roulette\Roulette\game.cpp(672,79): warning C4244: "argument": konwersja z "T" do "T", możliwa utrata danych
          with
          [
              T=int
          ]
          and
          [
              T=float
          ]
C:\Users\kanal\source\repos\Roulette\Roulette\game.cpp(672,67): warning C4244: "argument": konwersja z "T" do "T", możliwa utrata danych
          with
          [
              T=int
          ]
          and
          [
              T=float
          ]
C:\Users\kanal\source\repos\Roulette\Roulette\game.cpp(689,81): warning C4244: "argument": konwersja z "T" do "T", możliwa utrata danych
          with
          [
              T=int
          ]
          and
          [
              T=float
          ]
C:\Users\kanal\source\repos\Roulette\Roulette\game.cpp(689,69): warning C4244: "argument": konwersja z "T" do "T", możliwa utrata danych
          with
          [
              T=int
          ]
          and
          [
              T=float
          ]
C:\Users\kanal\source\repos\Roulette\Roulette\game.cpp(709,86): warning C4244: "argument": konwersja z "T" do "T", możliwa utrata danych
          with
          [
              T=int
          ]
          and
          [
              T=float
          ]
C:\Users\kanal\source\repos\Roulette\Roulette\game.cpp(709,74): warning C4244: "argument": konwersja z "T" do "T", możliwa utrata danych
          with
          [
              T=int
          ]
          and
          [
              T=float
          ]
C:\Users\kanal\source\repos\Roulette\Roulette\game.cpp(726,87): warning C4244: "argument": konwersja z "T" do "T", możliwa utrata danych
          with
          [
              T=int
          ]
          and
          [
              T=float
          ]
C:\Users\kanal\source\repos\Roulette\Roulette\game.cpp(726,75): warning C4244: "argument": konwersja z "T" do "T", możliwa utrata danych
          with
          [
              T=int
          ]
          and
          [
              T=float
          ]
C:\Users\kanal\source\repos\Roulette\Roulette\game.cpp(743,87): warning C4244: "argument": konwersja z "T" do "T", możliwa utrata danych
          with
          [
              T=int
          ]
          and
          [
              T=float
          ]
C:\Users\kanal\source\repos\Roulette\Roulette\game.cpp(743,75): warning C4244: "argument": konwersja z "T" do "T", możliwa utrata danych
          with
          [
              T=int
          ]
          and
          [
              T=float
          ]
C:\Users\kanal\source\repos\Roulette\Roulette\game.cpp(768,89): warning C4244: "argument": konwersja z "T" do "T", możliwa utrata danych
          with
          [
              T=int
          ]
          and
          [
              T=float
          ]
C:\Users\kanal\source\repos\Roulette\Roulette\game.cpp(768,77): warning C4244: "argument": konwersja z "T" do "T", możliwa utrata danych
          with
          [
              T=int
          ]
          and
          [
              T=float
          ]
C:\Users\kanal\source\repos\Roulette\Roulette\game.cpp(792,79): warning C4244: "argument": konwersja z "T" do "T", możliwa utrata danych
          with
          [
              T=int
          ]
          and
          [
              T=float
          ]
C:\Users\kanal\source\repos\Roulette\Roulette\game.cpp(792,67): warning C4244: "argument": konwersja z "T" do "T", możliwa utrata danych
          with
          [
              T=int
          ]
          and
          [
              T=float
          ]
C:\Users\kanal\source\repos\Roulette\Roulette\game.cpp(817,81): warning C4244: "argument": konwersja z "T" do "T", możliwa utrata danych
          with
          [
              T=int
          ]
          and
          [
              T=float
          ]
C:\Users\kanal\source\repos\Roulette\Roulette\game.cpp(817,69): warning C4244: "argument": konwersja z "T" do "T", możliwa utrata danych
          with
          [
              T=int
          ]
          and
          [
              T=float
          ]
C:\Users\kanal\source\repos\Roulette\Roulette\game.cpp(839,86): warning C4244: "argument": konwersja z "T" do "T", możliwa utrata danych
          with
          [
              T=int
          ]
          and
          [
              T=float
          ]
C:\Users\kanal\source\repos\Roulette\Roulette\game.cpp(839,74): warning C4244: "argument": konwersja z "T" do "T", możliwa utrata danych
          with
          [
              T=int
          ]
          and
          [
              T=float
          ]
C:\Users\kanal\source\repos\Roulette\Roulette\game.cpp(858,87): warning C4244: "argument": konwersja z "T" do "T", możliwa utrata danych
          with
          [
              T=int
          ]
          and
          [
              T=float
          ]
C:\Users\kanal\source\repos\Roulette\Roulette\game.cpp(858,75): warning C4244: "argument": konwersja z "T" do "T", możliwa utrata danych
          with
          [
              T=int
          ]
          and
          [
              T=float
          ]
C:\Users\kanal\source\repos\Roulette\Roulette\game.cpp(877,87): warning C4244: "argument": konwersja z "T" do "T", możliwa utrata danych
          with
          [
              T=int
          ]
          and
          [
              T=float
          ]
C:\Users\kanal\source\repos\Roulette\Roulette\game.cpp(877,75): warning C4244: "argument": konwersja z "T" do "T", możliwa utrata danych
          with
          [
              T=int
          ]
          and
          [
              T=float
          ]
C:\Users\kanal\source\repos\Roulette\Roulette\game.cpp(1011,37): warning C4267: "/=": konwersja z "size_t" do "int", możliwa utrata danych
C:\Users\kanal\source\repos\Roulette\Roulette\game.cpp(1060,77): warning C4244: "argument": konwersja z "T" do "T", możliwa utrata danych
          with
          [
              T=int
          ]
          and
          [
              T=float
          ]
C:\Users\kanal\source\repos\Roulette\Roulette\game.cpp(1060,65): warning C4244: "argument": konwersja z "T" do "T", możliwa utrata danych
          with
          [
              T=int
          ]
          and
          [
              T=float
          ]
  Trwa generowanie kodu
  1 of 1649 functions (<0.1%) were compiled, the rest were copied from previous compilation.
    0 functions were new in current compilation
    8 functions had inline decision re-evaluated but remain unchanged
  Zakończono generowanie kodu
  Roulette.vcxproj -> C:\Users\kanal\source\repos\Roulette\x64\Release\Roulette.exe
